# JRE version: Java(TM) SE Runtime Environment (17.0.10+11) (build 17.0.10+11-LTS-240)
# Java VM: Java HotSpot(TM) 64-Bit Server VM (17.0.10+11-LTS-240, mixed mode, sharing, tiered, compressed oops, compressed class ptrs, g1 gc, windows-amd64)
GC Precious Log:
 CPUs: 4 total, 4 available
 Memory: 7914M
 Large Page Support: Disabled
 NUMA Support: Disabled
 Compressed Oops: Enabled (32-bit)
 Heap Region Size: 1M
 Heap Min Capacity: 8M
 Heap Initial Capacity: 124M
 Heap Max Capacity: 1980M
 Pre-touch: Disabled
 Parallel Workers: 4
 Concurrent Workers: 1
 Concurrent Refinement Workers: 4
 Periodic GC: Disabled
Heap:
 garbage-first heap   total 126976K, used 19640K [0x0000000084400000, 0x0000000100000000)
  region size 1024K, 7 young (7168K), 4 survivors (4096K)
 Metaspace       used 20997K, committed 21376K, reserved 1114112K
  class space    used 2390K, committed 2560K, reserved 1048576K
GC Heap History (6 events):
Event: 0.514 GC heap before
{Heap before GC invocations=0 (full 0):
 garbage-first heap   total 126976K, used 15360K [0x0000000084400000, 0x0000000100000000)
  region size 1024K, 13 young (13312K), 0 survivors (0K)
 Metaspace       used 7961K, committed 8192K, reserved 1114112K
  class space    used 893K, committed 1024K, reserved 1048576K
}
Event: 0.522 GC heap after
{Heap after GC invocations=1 (full 0):
 garbage-first heap   total 126976K, used 7167K [0x0000000084400000, 0x0000000100000000)
  region size 1024K, 2 young (2048K), 2 survivors (2048K)
 Metaspace       used 7961K, committed 8192K, reserved 1114112K
  class space    used 893K, committed 1024K, reserved 1048576K
}
Event: 2.964 GC heap before
{Heap before GC invocations=1 (full 0):
 garbage-first heap   total 126976K, used 14335K [0x0000000084400000, 0x0000000100000000)
  region size 1024K, 9 young (9216K), 2 survivors (2048K)
 Metaspace       used 10405K, committed 10624K, reserved 1114112K
  class space    used 1275K, committed 1344K, reserved 1048576K
}
Event: 2.967 GC heap after
{Heap after GC invocations=2 (full 0):
 garbage-first heap   total 126976K, used 8379K [0x0000000084400000, 0x0000000100000000)
  region size 1024K, 1 young (1024K), 1 survivors (1024K)
 Metaspace       used 10405K, committed 10624K, reserved 1114112K
  class space    used 1275K, committed 1344K, reserved 1048576K
}
Event: 98.749 GC heap before
{Heap before GC invocations=2 (full 0):
 garbage-first heap   total 126976K, used 40123K [0x0000000084400000, 0x0000000100000000)
  region size 1024K, 27 young (27648K), 1 survivors (1024K)
 Metaspace       used 20578K, committed 20928K, reserved 1114112K
  class space    used 2339K, committed 2496K, reserved 1048576K
}
Event: 98.754 GC heap after
{Heap after GC invocations=3 (full 0):
 garbage-first heap   total 126976K, used 17592K [0x0000000084400000, 0x0000000100000000)
  region size 1024K, 4 young (4096K), 4 survivors (4096K)
 Metaspace       used 20578K, committed 20928K, reserved 1114112K
  class space    used 2339K, committed 2496K, reserved 1048576K
}

